{
  "RSpec": {
    "coverage": {
      "/Users/scotchard/Desktop/Chore_Hero_Capstone/chore_hero/spec/controllers/chores_controller_spec.rb": [
        1,
        null,
        1,
        null,
        1,
        1,
        1,
        1,
        null,
        null,
        null,
        1,
        1,
        1,
        1,
        null,
        null,
        null,
        1,
        1,
        1,
        1,
        1,
        1,
        1,
        1,
        1,
        null,
        null,
        null,
        1,
        1,
        1,
        1,
        1,
        null,
        null,
        null,
        1,
        1,
        1,
        1,
        1,
        1,
        1,
        null,
        null,
        null,
        null,
        null,
        null,
        null,
        null,
        null,
        1,
        1,
        1,
        1,
        1,
        1,
        1,
        null,
        null,
        null,
        null,
        1,
        1,
        1,
        1,
        1,
        null,
        null,
        null,
        null,
        null
      ],
      "/Users/scotchard/Desktop/Chore_Hero_Capstone/chore_hero/spec/rails_helper.rb": [
        1,
        null,
        1,
        1,
        null,
        1,
        1,
        1,
        null,
        null,
        null,
        null,
        null,
        null,
        null,
        null,
        null,
        null,
        null,
        null,
        null,
        null,
        null,
        null,
        null,
        null,
        null,
        1,
        null,
        1,
        1,
        null,
        1,
        null,
        null,
        null,
        null,
        1,
        null,
        null,
        null,
        null,
        null,
        null,
        null,
        null,
        null,
        null,
        null,
        null,
        null,
        null,
        1,
        null
      ],
      "/Users/scotchard/Desktop/Chore_Hero_Capstone/chore_hero/config/environment.rb": [
        null,
        1,
        null,
        null,
        1
      ],
      "/Users/scotchard/Desktop/Chore_Hero_Capstone/chore_hero/config/application.rb": [
        1,
        null,
        1,
        null,
        1,
        1,
        1,
        1,
        1,
        1,
        1,
        null,
        null,
        null,
        null,
        1,
        null,
        1,
        1,
        null,
        null,
        null,
        null,
        null,
        null,
        null,
        null,
        null,
        null,
        null,
        null,
        null,
        1,
        null,
        null
      ],
      "/Users/scotchard/Desktop/Chore_Hero_Capstone/chore_hero/config/boot.rb": [
        1,
        null,
        1
      ],
      "/Users/scotchard/Desktop/Chore_Hero_Capstone/chore_hero/config/environments/test.rb": [
        1,
        null,
        null,
        null,
        null,
        null,
        null,
        1,
        null,
        null,
        null,
        null,
        1,
        null,
        null,
        1,
        1,
        null,
        null,
        1,
        1,
        null,
        null,
        1,
        null,
        null,
        1,
        null,
        null,
        null,
        null,
        1,
        null,
        null,
        1,
        null,
        null,
        1,
        null,
        null,
        null,
        null
      ],
      "/Users/scotchard/Desktop/Chore_Hero_Capstone/chore_hero/config/initializers/assets.rb": [
        null,
        null,
        null,
        1,
        null,
        null,
        null,
        null,
        null,
        null,
        null
      ],
      "/Users/scotchard/Desktop/Chore_Hero_Capstone/chore_hero/config/initializers/backtrace_silencers.rb": [
        null,
        null,
        null,
        null,
        null,
        null,
        null
      ],
      "/Users/scotchard/Desktop/Chore_Hero_Capstone/chore_hero/config/initializers/cookies_serializer.rb": [
        null,
        null,
        1
      ],
      "/Users/scotchard/Desktop/Chore_Hero_Capstone/chore_hero/config/initializers/devise.rb": [
        null,
        null,
        1,
        null,
        null,
        null,
        null,
        null,
        null,
        null,
        null,
        null,
        1,
        null,
        null,
        null,
        null,
        null,
        null,
        null,
        null,
        1,
        null,
        null,
        null,
        null,
        null,
        null,
        null,
        null,
        null,
        null,
        null,
        null,
        null,
        null,
        null,
        null,
        null,
        null,
        null,
        null,
        null,
        1,
        null,
        null,
        null,
        null,
        1,
        null,
        null,
        null,
        null,
        null,
        null,
        null,
        null,
        null,
        null,
        null,
        null,
        null,
        null,
        null,
        null,
        null,
        null,
        null,
        null,
        null,
        null,
        null,
        null,
        null,
        null,
        null,
        null,
        null,
        null,
        1,
        null,
        null,
        null,
        null,
        null,
        null,
        null,
        null,
        null,
        null,
        null,
        null,
        null,
        null,
        null,
        null,
        1,
        null,
        null,
        null,
        null,
        null,
        null,
        null,
        null,
        null,
        null,
        null,
        null,
        null,
        null,
        null,
        null,
        null,
        null,
        null,
        null,
        null,
        null,
        null,
        null,
        1,
        null,
        null,
        null,
        null,
        null,
        null,
        null,
        null,
        null,
        1,
        null,
        null,
        null,
        null,
        null,
        null,
        null,
        null,
        null,
        null,
        1,
        null,
        null,
        null,
        null,
        null,
        null,
        null,
        null,
        null,
        null,
        null,
        null,
        null,
        null,
        null,
        null,
        null,
        null,
        null,
        null,
        null,
        null,
        null,
        null,
        null,
        null,
        null,
        null,
        null,
        null,
        null,
        null,
        null,
        null,
        null,
        null,
        null,
        null,
        null,
        null,
        null,
        null,
        null,
        null,
        null,
        null,
        null,
        null,
        1,
        null,
        null,
        null,
        null,
        null,
        null,
        null,
        null,
        null,
        null,
        null,
        null,
        null,
        null,
        null,
        null,
        null,
        null,
        null,
        null,
        null,
        null,
        null,
        null,
        null,
        null,
        null,
        null,
        null,
        null,
        null,
        null,
        null,
        null,
        null,
        null,
        null,
        1,
        null,
        null,
        null,
        null,
        null,
        null,
        null,
        null,
        null,
        null,
        null,
        null,
        null,
        null,
        null,
        null,
        null,
        null,
        null,
        null,
        null,
        null,
        null,
        null,
        null,
        null,
        null,
        null,
        null
      ],
      "/Users/scotchard/Desktop/Chore_Hero_Capstone/chore_hero/config/initializers/filter_parameter_logging.rb": [
        null,
        null,
        null,
        1
      ],
      "/Users/scotchard/Desktop/Chore_Hero_Capstone/chore_hero/config/initializers/inflections.rb": [
        null,
        null,
        null,
        null,
        null,
        null,
        null,
        null,
        null,
        null,
        null,
        null,
        null,
        null,
        null,
        null
      ],
      "/Users/scotchard/Desktop/Chore_Hero_Capstone/chore_hero/config/initializers/mime_types.rb": [
        null,
        null,
        null,
        null
      ],
      "/Users/scotchard/Desktop/Chore_Hero_Capstone/chore_hero/config/initializers/session_store.rb": [
        null,
        null,
        1
      ],
      "/Users/scotchard/Desktop/Chore_Hero_Capstone/chore_hero/config/initializers/wrap_parameters.rb": [
        null,
        null,
        null,
        null,
        null,
        null,
        1,
        1,
        null,
        null,
        null,
        null,
        null,
        null
      ],
      "/Users/scotchard/Desktop/Chore_Hero_Capstone/chore_hero/config/routes.rb": [
        1,
        null,
        1,
        1,
        1,
        null,
        1,
        null,
        1,
        1,
        null,
        1,
        1,
        null
      ],
      "/Users/scotchard/Desktop/Chore_Hero_Capstone/chore_hero/app/models/child.rb": [
        1,
        null,
        null,
        1,
        null,
        null,
        1,
        1,
        1,
        1,
        null
      ],
      "/Users/scotchard/Desktop/Chore_Hero_Capstone/chore_hero/app/models/user.rb": [
        1,
        null,
        null,
        1,
        null,
        null,
        1,
        null
      ],
      "/Users/scotchard/Desktop/Chore_Hero_Capstone/chore_hero/app/helpers/application_helper.rb": [
        1,
        null
      ],
      "/Users/scotchard/Desktop/Chore_Hero_Capstone/chore_hero/app/helpers/badges_helper.rb": [
        1,
        null
      ],
      "/Users/scotchard/Desktop/Chore_Hero_Capstone/chore_hero/app/helpers/children_helper.rb": [
        1,
        null
      ],
      "/Users/scotchard/Desktop/Chore_Hero_Capstone/chore_hero/app/helpers/chores_helper.rb": [
        1,
        null
      ],
      "/Users/scotchard/Desktop/Chore_Hero_Capstone/chore_hero/app/helpers/users_helper.rb": [
        1,
        null
      ],
      "/Users/scotchard/Desktop/Chore_Hero_Capstone/chore_hero/app/helpers/static_pages_helper.rb": [
        1,
        null
      ],
      "/Users/scotchard/Desktop/Chore_Hero_Capstone/chore_hero/app/controllers/chores_controller.rb": [
        1,
        null,
        1,
        null,
        1,
        null,
        null,
        1,
        null,
        null,
        1,
        1,
        1,
        null,
        0,
        null,
        null,
        null,
        1,
        1,
        null,
        null,
        1,
        1,
        1,
        1,
        null,
        0,
        null,
        null,
        null,
        1,
        1,
        1,
        null,
        null,
        1,
        null,
        1,
        2,
        null,
        null,
        1,
        4,
        null,
        null,
        null
      ],
      "/Users/scotchard/Desktop/Chore_Hero_Capstone/chore_hero/app/controllers/application_controller.rb": [
        1,
        null,
        null,
        1,
        null
      ],
      "/Users/scotchard/Desktop/Chore_Hero_Capstone/chore_hero/app/models/chore.rb": [
        1,
        1,
        null
      ]
    },
    "timestamp": 1444347447
  }
}
